Building DAG of jobs...
Using shell: /bin/bash
Provided cores: 1 (use --cores to define parallelism)
Rules claiming more threads will be scaled down.
Job counts:
	count	jobs
	1	align
	1	all
	1	ancestral
	1	export
	1	filter
	1	refine
	1	traits
	1	translate
	1	tree
	9

[Fri Sep  1 18:10:23 2023]
rule filter:
    input: data/sequences.fasta, data/metadata.tsv
    output: results/filtered.fasta
    jobid: 8


        augur filter             --sequences data/sequences.fasta             --metadata data/metadata.tsv             --output results/filtered.fasta             --group-by country year month             --sequences-per-group 40             --min-length 5481
        
[Fri Sep  1 18:10:27 2023]
Finished job 8.
1 of 9 steps (11%) done

[Fri Sep  1 18:10:27 2023]
rule align:
    input: results/filtered.fasta, config/monkeypox_reference.gb
    output: results/aligned.fasta
    jobid: 7


        augur align             --sequences results/filtered.fasta             --reference-sequence config/monkeypox_reference.gb             --output results/aligned.fasta             --fill-gaps             --remove-reference
        
Terminating processes on user request, this might take some time.
[Fri Sep  1 18:13:19 2023]
Error in rule align:
    jobid: 7
    output: results/aligned.fasta
    shell:
        
        augur align             --sequences results/filtered.fasta             --reference-sequence config/monkeypox_reference.gb             --output results/aligned.fasta             --fill-gaps             --remove-reference
        
        (one of the commands exited with non-zero exit code; note that snakemake uses bash strict mode!)

Removing output files of failed job align since they might be corrupted:
results/aligned.fasta
Complete log: /nextstrain/build/.snakemake/log/2023-09-01T181023.688295.snakemake.log
